<?xml version="1.0" encoding="UTF-8"?>
<testng-results ignored="0" total="1" passed="1" failed="0" skipped="0">
  <reporter-output>
  </reporter-output>
  <suite started-at="2021-06-26T18:08:15 IST" name="Inventory" finished-at="2021-06-26T18:09:08 IST" duration-ms="52793">
    <groups>
    </groups>
    <test started-at="2021-06-26T18:08:15 IST" name="Inventory Test" finished-at="2021-06-26T18:09:08 IST" duration-ms="52793">
      <class name="testcases.ItemTest">
        <test-method is-config="true" signature="setExtentAndData()[pri:0, instance:testcases.ItemTest@2e6a8155]" started-at="2021-06-26T18:08:15 IST" name="setExtentAndData" finished-at="2021-06-26T18:08:15 IST" duration-ms="389" status="PASS">
          <reporter-output>
          </reporter-output>
        </test-method> <!-- setExtentAndData -->
        <test-method is-config="true" signature="invokeBrowserAndLaunch(java.lang.String)[pri:0, instance:testcases.ItemTest@2e6a8155]" started-at="2021-06-26T18:08:15 IST" name="invokeBrowserAndLaunch" finished-at="2021-06-26T18:08:27 IST" duration-ms="11903" status="PASS">
          <params>
            <param index="0">
              <value>
                <![CDATA[firefox]]>
              </value>
            </param>
          </params>
          <reporter-output>
          </reporter-output>
        </test-method> <!-- invokeBrowserAndLaunch -->
        <test-method signature="clickSaveLocationBtnByFillingMandatoryFields()[pri:0, instance:testcases.ItemTest@2e6a8155]" started-at="2021-06-26T18:08:27 IST" name="clickSaveLocationBtnByFillingMandatoryFields" finished-at="2021-06-26T18:09:05 IST" duration-ms="37767" status="PASS">
          <reporter-output>
          </reporter-output>
        </test-method> <!-- clickSaveLocationBtnByFillingMandatoryFields -->
        <test-method is-config="true" signature="tearDown(org.testng.ITestResult)[pri:0, instance:testcases.ItemTest@2e6a8155]" started-at="2021-06-26T18:09:05 IST" name="tearDown" finished-at="2021-06-26T18:09:07 IST" duration-ms="2059" status="PASS">
          <params>
            <param index="0">
              <value>
                <![CDATA[[TestResult name=clickSaveLocationBtnByFillingMandatoryFields status=SUCCESS method=ItemTest.clickSaveLocationBtnByFillingMandatoryFields()[pri:0, instance:testcases.ItemTest@2e6a8155] output={null}]]]>
              </value>
            </param>
          </params>
          <reporter-output>
          </reporter-output>
        </test-method> <!-- tearDown -->
        <test-method is-config="true" signature="endReport()[pri:0, instance:testcases.ItemTest@2e6a8155]" started-at="2021-06-26T18:09:07 IST" name="endReport" finished-at="2021-06-26T18:09:08 IST" duration-ms="594" status="PASS">
          <reporter-output>
          </reporter-output>
        </test-method> <!-- endReport -->
      </class> <!-- testcases.ItemTest -->
    </test> <!-- Inventory Test -->
  </suite> <!-- Inventory -->
</testng-results>
