<?xml version="1.0" encoding="UTF-8"?>
<testng-results ignored="0" total="1" passed="1" failed="0" skipped="0">
  <reporter-output>
  </reporter-output>
  <suite started-at="2021-06-28T17:02:52 IST" name="Inventory" finished-at="2021-06-28T17:03:41 IST" duration-ms="48661">
    <groups>
    </groups>
    <test started-at="2021-06-28T17:02:52 IST" name="Inventory Test" finished-at="2021-06-28T17:03:41 IST" duration-ms="48661">
      <class name="testcases.ItemTest">
        <test-method is-config="true" signature="setExtentAndData()[pri:0, instance:testcases.ItemTest@52719fb6]" started-at="2021-06-28T17:02:52 IST" name="setExtentAndData" finished-at="2021-06-28T17:02:53 IST" duration-ms="367" status="PASS">
          <reporter-output>
          </reporter-output>
        </test-method> <!-- setExtentAndData -->
        <test-method is-config="true" signature="invokeBrowserAndLaunch(java.lang.String)[pri:0, instance:testcases.ItemTest@52719fb6]" started-at="2021-06-28T17:02:53 IST" name="invokeBrowserAndLaunch" finished-at="2021-06-28T17:03:05 IST" duration-ms="12014" status="PASS">
          <params>
            <param index="0">
              <value>
                <![CDATA[firefox]]>
              </value>
            </param>
          </params>
          <reporter-output>
          </reporter-output>
        </test-method> <!-- invokeBrowserAndLaunch -->
        <test-method signature="addAnotherCustomField()[pri:0, instance:testcases.ItemTest@52719fb6]" started-at="2021-06-28T17:03:05 IST" name="addAnotherCustomField" finished-at="2021-06-28T17:03:39 IST" duration-ms="33911" status="PASS">
          <reporter-output>
          </reporter-output>
        </test-method> <!-- addAnotherCustomField -->
        <test-method is-config="true" signature="tearDown(org.testng.ITestResult)[pri:0, instance:testcases.ItemTest@52719fb6]" started-at="2021-06-28T17:03:39 IST" name="tearDown" finished-at="2021-06-28T17:03:40 IST" duration-ms="1769" status="PASS">
          <params>
            <param index="0">
              <value>
                <![CDATA[[TestResult name=addAnotherCustomField status=SUCCESS method=ItemTest.addAnotherCustomField()[pri:0, instance:testcases.ItemTest@52719fb6] output={null}]]]>
              </value>
            </param>
          </params>
          <reporter-output>
          </reporter-output>
        </test-method> <!-- tearDown -->
        <test-method is-config="true" signature="endReport()[pri:0, instance:testcases.ItemTest@52719fb6]" started-at="2021-06-28T17:03:40 IST" name="endReport" finished-at="2021-06-28T17:03:41 IST" duration-ms="531" status="PASS">
          <reporter-output>
          </reporter-output>
        </test-method> <!-- endReport -->
      </class> <!-- testcases.ItemTest -->
    </test> <!-- Inventory Test -->
  </suite> <!-- Inventory -->
</testng-results>
